Starting docker-compose...
Error response from daemon: No such image: selab-tljh:latest
2023/07/26 17:27:01 http2: server: error reading preface from client //./pipe/docker_engine: file has already been closed
#1 [tljh internal] load .dockerignore
#1 transferring context: 2B done
#1 DONE 0.0s

#2 [tljh internal] load build definition from Dockerfile
#2 transferring dockerfile: 1.43kB done
#2 DONE 0.0s

#3 [tljh internal] load metadata for docker.io/library/ubuntu:20.04
#3 ...

#4 [tljh auth] library/ubuntu:pull token for registry-1.docker.io
#4 DONE 0.0s

#3 [tljh internal] load metadata for docker.io/library/ubuntu:20.04
#3 DONE 3.1s

#5 [tljh 1/5] FROM docker.io/library/ubuntu:20.04@sha256:c9820a44b950956a790c354700c1166a7ec648bc0d215fa438d3a339812f1d01
#5 CACHED

#6 [tljh 2/5] RUN export DEBIAN_FRONTEND=noninteractive     && apt-get update     && apt-get install --yes     build-essential     systemd     curl     git     sudo     nano     python3     python3-venv     python3-pip     libssl-dev     libcurl4-openssl-dev     r-base     inetutils-syslogd     && rm -rf /var/lib/apt/lists/*
#6 0.320 Get:1 http://security.ubuntu.com/ubuntu focal-security InRelease [114 kB]
#6 0.445 Get:2 http://security.ubuntu.com/ubuntu focal-security/universe amd64 Packages [1084 kB]
#6 0.475 Get:3 http://archive.ubuntu.com/ubuntu focal InRelease [265 kB]
#6 0.803 Get:4 http://security.ubuntu.com/ubuntu focal-security/main amd64 Packages [2909 kB]
#6 1.083 Get:5 http://archive.ubuntu.com/ubuntu focal-updates InRelease [114 kB]
#6 1.608 Get:6 http://archive.ubuntu.com/ubuntu focal-backports InRelease [108 kB]
#6 1.699 Get:7 http://security.ubuntu.com/ubuntu focal-security/restricted amd64 Packages [2597 kB]
#6 2.089 Get:8 http://archive.ubuntu.com/ubuntu focal/restricted amd64 Packages [33.4 kB]
#6 2.407 Get:9 http://archive.ubuntu.com/ubuntu focal/multiverse amd64 Packages [177 kB]
#6 2.479 Get:10 http://security.ubuntu.com/ubuntu focal-security/multiverse amd64 Packages [29.3 kB]
#6 2.886 Get:11 http://archive.ubuntu.com/ubuntu focal/main amd64 Packages [1275 kB]
#6 3.724 Get:12 http://archive.ubuntu.com/ubuntu focal/universe amd64 Packages [11.3 MB]
#6 7.347 Get:13 http://archive.ubuntu.com/ubuntu focal-updates/main amd64 Packages [3390 kB]
#6 8.844 Get:14 http://archive.ubuntu.com/ubuntu focal-updates/universe amd64 Packages [1381 kB]
#6 9.826 Get:15 http://archive.ubuntu.com/ubuntu focal-updates/restricted amd64 Packages [2738 kB]
#6 11.20 Get:16 http://archive.ubuntu.com/ubuntu focal-updates/multiverse amd64 Packages [32.0 kB]
#6 11.47 Get:17 http://archive.ubuntu.com/ubuntu focal-backports/main amd64 Packages [55.2 kB]
#6 11.74 Get:18 http://archive.ubuntu.com/ubuntu focal-backports/universe amd64 Packages [28.6 kB]
#6 11.76 Fetched 27.7 MB in 11s (2411 kB/s)
#6 11.76 Reading package lists...
#6 12.41 Reading package lists...
#6 13.06 Building dependency tree...
#6 13.20 Reading state information...
#6 13.34 The following additional packages will be installed:
#6 13.34   binutils binutils-common binutils-x86-64-linux-gnu bzip2-doc ca-certificates
#6 13.34   cpp cpp-9 dbus dirmngr dmsetup dpkg-dev fakeroot file fontconfig
#6 13.34   fontconfig-config fonts-dejavu-core g++ g++-9 gcc gcc-9 gcc-9-base gfortran
#6 13.34   gfortran-9 gir1.2-glib-2.0 git-man gnupg gnupg-l10n gnupg-utils gpg
#6 13.34   gpg-agent gpg-wks-client gpg-wks-server gpgconf gpgsm icu-devtools
#6 13.34   krb5-locales less libalgorithm-diff-perl libalgorithm-diff-xs-perl
#6 13.34   libalgorithm-merge-perl libapparmor1 libargon2-1 libasan5 libasn1-8-heimdal
#6 13.34   libassuan0 libatomic1 libauthen-sasl-perl libbinutils libblas-dev libblas3
#6 13.34   libbrotli1 libbsd0 libbz2-dev libc-dev-bin libc6-dev libcairo2 libcap2
#6 13.34   libcbor0.6 libcc1-0 libcrypt-dev libcryptsetup12 libctf-nobfd0 libctf0
#6 13.34   libcurl3-gnutls libcurl4 libdata-dump-perl libdatrie1 libdbus-1-3
#6 13.34   libdevmapper1.02.1 libdpkg-perl libdrm-amdgpu1 libdrm-common libdrm-intel1
#6 13.34   libdrm-nouveau2 libdrm-radeon1 libdrm2 libedit2 libelf1
#6 13.34   libencode-locale-perl liberror-perl libexpat1 libexpat1-dev libfakeroot
#6 13.34   libfido2-1 libfile-basedir-perl libfile-desktopentry-perl
#6 13.34   libfile-fcntllock-perl libfile-listing-perl libfile-mimeinfo-perl
#6 13.34   libfont-afm-perl libfontconfig1 libfontenc1 libfreetype6 libfribidi0
#6 13.34   libgcc-9-dev libgdbm-compat4 libgdbm6 libgfortran-9-dev libgfortran5
#6 13.34   libgirepository-1.0-1 libgl1 libgl1-mesa-dri libglapi-mesa libglib2.0-0
#6 13.34   libglib2.0-data libglvnd0 libglx-mesa0 libglx0 libgomp1 libgraphite2-3
#6 13.34   libgssapi-krb5-2 libgssapi3-heimdal libharfbuzz0b libhcrypto4-heimdal
#6 13.34   libheimbase1-heimdal libheimntlm0-heimdal libhtml-form-perl
#6 13.34   libhtml-format-perl libhtml-parser-perl libhtml-tagset-perl
#6 13.34   libhtml-tree-perl libhttp-cookies-perl libhttp-daemon-perl libhttp-date-perl
#6 13.34   libhttp-message-perl libhttp-negotiate-perl libhx509-5-heimdal libice6
#6 13.34   libicu-dev libicu66 libio-html-perl libio-socket-ssl-perl libio-stringy-perl
#6 13.34   libip4tc2 libipc-system-simple-perl libisl22 libitm1 libjbig0 libjpeg-dev
#6 13.34   libjpeg-turbo8 libjpeg-turbo8-dev libjpeg8 libjpeg8-dev libjson-c4
#6 13.34   libk5crypto3 libkeyutils1 libkmod2 libkrb5-26-heimdal libkrb5-3
#6 13.34   libkrb5support0 libksba8 liblapack-dev liblapack3 libldap-2.4-2
#6 13.34   libldap-common libllvm12 liblocale-gettext-perl liblsan0
#6 13.34   liblwp-mediatypes-perl liblwp-protocol-https-perl liblzma-dev libmagic-mgc
#6 13.34   libmagic1 libmailtools-perl libmpc3 libmpdec2 libmpfr6 libncurses-dev
#6 13.34   libncurses5-dev libnet-dbus-perl libnet-http-perl libnet-smtp-ssl-perl
#6 13.34   libnet-ssleay-perl libnghttp2-14 libnpth0 libpango-1.0-0 libpangocairo-1.0-0
#6 13.34   libpangoft2-1.0-0 libpaper-utils libpaper1 libpciaccess0 libpcre16-3
#6 13.34   libpcre2-16-0 libpcre2-32-0 libpcre2-dev libpcre2-posix2 libpcre3-dev
#6 13.34   libpcre32-3 libpcrecpp0v5 libperl5.30 libpixman-1-0 libpng-dev libpng-tools
#6 13.34   libpng16-16 libpsl5 libpython3-dev libpython3-stdlib libpython3.8
#6 13.34   libpython3.8-dev libpython3.8-minimal libpython3.8-stdlib libquadmath0
#6 13.34   libreadline-dev libreadline8 libroken18-heimdal librtmp1 libsasl2-2
#6 13.34   libsasl2-modules libsasl2-modules-db libsensors-config libsensors5 libsm6
#6 13.34   libsqlite3-0 libssh-4 libssl1.1 libstdc++-9-dev libtcl8.6 libtext-iconv-perl
#6 13.34   libthai-data libthai0 libtie-ixhash-perl libtiff5 libtimedate-perl libtk8.6
#6 13.34   libtry-tiny-perl libtsan0 libubsan1 liburi-perl libvulkan1
#6 13.34   libwayland-client0 libwebp6 libwind0-heimdal libwww-perl
#6 13.34   libwww-robotrules-perl libx11-6 libx11-data libx11-protocol-perl libx11-xcb1
#6 13.34   libxau6 libxaw7 libxcb-dri2-0 libxcb-dri3-0 libxcb-glx0 libxcb-present0
#6 13.34   libxcb-randr0 libxcb-render0 libxcb-shape0 libxcb-shm0 libxcb-sync1
#6 13.34   libxcb-xfixes0 libxcb1 libxcomposite1 libxcursor1 libxdmcp6 libxext6
#6 13.34   libxfixes3 libxft2 libxi6 libxinerama1 libxkbfile1 libxml-parser-perl
#6 13.34   libxml-twig-perl libxml-xpathengine-perl libxml2 libxmu6 libxmuu1 libxpm4
#6 13.34   libxrandr2 libxrender1 libxshmfence1 libxss1 libxt6 libxtst6 libxv1
#6 13.34   libxxf86dga1 libxxf86vm1 linux-libc-dev make manpages manpages-dev
#6 13.34   mesa-vulkan-drivers mime-support netbase networkd-dispatcher openssh-client
#6 13.34   openssl patch perl perl-modules-5.30 perl-openssl-defaults pinentry-curses
#6 13.34   pkg-config publicsuffix python-pip-whl python3-dbus python3-dev
#6 13.34   python3-distutils python3-gi python3-lib2to3 python3-minimal
#6 13.34   python3-pkg-resources python3-setuptools python3-wheel python3.8
#6 13.34   python3.8-dev python3.8-minimal python3.8-venv r-base-core r-base-dev
#6 13.34   r-base-html r-cran-boot r-cran-class r-cran-cluster r-cran-codetools
#6 13.34   r-cran-foreign r-cran-kernsmooth r-cran-lattice r-cran-mass r-cran-matrix
#6 13.34   r-cran-mgcv r-cran-nlme r-cran-nnet r-cran-rpart r-cran-spatial
#6 13.34   r-cran-survival r-doc-html r-recommended readline-common shared-mime-info
#6 13.34   systemd-timesyncd tzdata ucf unzip x11-common x11-utils x11-xserver-utils
#6 13.34   xauth xdg-user-dirs xdg-utils xz-utils zip zlib1g-dev
#6 13.34 Suggested packages:
#6 13.34   binutils-doc cpp-doc gcc-9-locales default-dbus-session-bus
#6 13.34   | dbus-session-bus dbus-user-session libpam-systemd pinentry-gnome3 tor
#6 13.34   debian-keyring g++-multilib g++-9-multilib gcc-9-doc gcc-multilib autoconf
#6 13.34   automake libtool flex bison gdb gcc-doc gcc-9-multilib gfortran-multilib
#6 13.34   gfortran-doc gfortran-9-multilib gfortran-9-doc libcoarrays-dev gettext-base
#6 13.34   git-daemon-run | git-daemon-sysvinit git-doc git-el git-email git-gui gitk
#6 13.34   gitweb git-cvs git-mediawiki git-svn parcimonie xloadimage scdaemon
#6 13.34   libdigest-hmac-perl libgssapi-perl liblapack-doc glibc-doc libcurl4-doc
#6 13.34   libidn11-dev libkrb5-dev libldap2-dev librtmp-dev libssh2-1-dev bzr
#6 13.34   gdbm-l10n krb5-doc krb5-user icu-doc libcrypt-ssleay-perl liblzma-doc
#6 13.34   ncurses-doc pciutils readline-doc libsasl2-modules-gssapi-mit
#6 13.34   | libsasl2-modules-gssapi-heimdal libsasl2-modules-ldap libsasl2-modules-otp
#6 13.34   libsasl2-modules-sql lm-sensors libssl-doc libstdc++-9-doc tcl8.6 tk8.6
#6 13.34   libauthen-ntlm-perl libunicode-map8-perl libunicode-string-perl
#6 13.34   xml-twig-tools make-doc man-browser hunspell iw | wireless-tools keychain
#6 13.34   libpam-ssh monkeysphere ssh-askpass ed diffutils-doc perl-doc
#6 13.34   libterm-readline-gnu-perl | libterm-readline-perl-perl libb-debug-perl
#6 13.34   liblocale-codes-perl pinentry-doc python3-doc python3-tk python-dbus-doc
#6 13.34   python3-dbus-dbg python-setuptools-doc python3.8-doc binfmt-support elpa-ess
#6 13.34   r-doc-info | r-doc-pdf r-mathlib texlive-base texlive-latex-base
#6 13.34   texlive-plain-generic texlive-fonts-recommended texlive-fonts-extra
#6 13.34   texlive-extra-utils texlive-latex-recommended texlive-latex-extra texinfo
#6 13.34   mozilla | www-browser systemd-container policykit-1 mesa-utils nickle
#6 13.34   cairo-5c xorg-docs-core
#6 13.72 The following NEW packages will be installed:
#6 13.72   binutils binutils-common binutils-x86-64-linux-gnu build-essential bzip2-doc
#6 13.72   ca-certificates cpp cpp-9 curl dbus dirmngr dmsetup dpkg-dev fakeroot file
#6 13.72   fontconfig fontconfig-config fonts-dejavu-core g++ g++-9 gcc gcc-9
#6 13.72   gcc-9-base gfortran gfortran-9 gir1.2-glib-2.0 git git-man gnupg gnupg-l10n
#6 13.72   gnupg-utils gpg gpg-agent gpg-wks-client gpg-wks-server gpgconf gpgsm
#6 13.72   icu-devtools inetutils-syslogd krb5-locales less libalgorithm-diff-perl
#6 13.72   libalgorithm-diff-xs-perl libalgorithm-merge-perl libapparmor1 libargon2-1
#6 13.72   libasan5 libasn1-8-heimdal libassuan0 libatomic1 libauthen-sasl-perl
#6 13.72   libbinutils libblas-dev libblas3 libbrotli1 libbsd0 libbz2-dev libc-dev-bin
#6 13.72   libc6-dev libcairo2 libcap2 libcbor0.6 libcc1-0 libcrypt-dev libcryptsetup12
#6 13.72   libctf-nobfd0 libctf0 libcurl3-gnutls libcurl4 libcurl4-openssl-dev
#6 13.72   libdata-dump-perl libdatrie1 libdbus-1-3 libdevmapper1.02.1 libdpkg-perl
#6 13.72   libdrm-amdgpu1 libdrm-common libdrm-intel1 libdrm-nouveau2 libdrm-radeon1
#6 13.72   libdrm2 libedit2 libelf1 libencode-locale-perl liberror-perl libexpat1
#6 13.72   libexpat1-dev libfakeroot libfido2-1 libfile-basedir-perl
#6 13.72   libfile-desktopentry-perl libfile-fcntllock-perl libfile-listing-perl
#6 13.72   libfile-mimeinfo-perl libfont-afm-perl libfontconfig1 libfontenc1
#6 13.72   libfreetype6 libfribidi0 libgcc-9-dev libgdbm-compat4 libgdbm6
#6 13.72   libgfortran-9-dev libgfortran5 libgirepository-1.0-1 libgl1 libgl1-mesa-dri
#6 13.72   libglapi-mesa libglib2.0-0 libglib2.0-data libglvnd0 libglx-mesa0 libglx0
#6 13.72   libgomp1 libgraphite2-3 libgssapi-krb5-2 libgssapi3-heimdal libharfbuzz0b
#6 13.72   libhcrypto4-heimdal libheimbase1-heimdal libheimntlm0-heimdal
#6 13.72   libhtml-form-perl libhtml-format-perl libhtml-parser-perl
#6 13.72   libhtml-tagset-perl libhtml-tree-perl libhttp-cookies-perl
#6 13.72   libhttp-daemon-perl libhttp-date-perl libhttp-message-perl
#6 13.72   libhttp-negotiate-perl libhx509-5-heimdal libice6 libicu-dev libicu66
#6 13.72   libio-html-perl libio-socket-ssl-perl libio-stringy-perl libip4tc2
#6 13.72   libipc-system-simple-perl libisl22 libitm1 libjbig0 libjpeg-dev
#6 13.72   libjpeg-turbo8 libjpeg-turbo8-dev libjpeg8 libjpeg8-dev libjson-c4
#6 13.72   libk5crypto3 libkeyutils1 libkmod2 libkrb5-26-heimdal libkrb5-3
#6 13.72   libkrb5support0 libksba8 liblapack-dev liblapack3 libldap-2.4-2
#6 13.72   libldap-common libllvm12 liblocale-gettext-perl liblsan0
#6 13.72   liblwp-mediatypes-perl liblwp-protocol-https-perl liblzma-dev libmagic-mgc
#6 13.72   libmagic1 libmailtools-perl libmpc3 libmpdec2 libmpfr6 libncurses-dev
#6 13.72   libncurses5-dev libnet-dbus-perl libnet-http-perl libnet-smtp-ssl-perl
#6 13.72   libnet-ssleay-perl libnghttp2-14 libnpth0 libpango-1.0-0 libpangocairo-1.0-0
#6 13.72   libpangoft2-1.0-0 libpaper-utils libpaper1 libpciaccess0 libpcre16-3
#6 13.72   libpcre2-16-0 libpcre2-32-0 libpcre2-dev libpcre2-posix2 libpcre3-dev
#6 13.72   libpcre32-3 libpcrecpp0v5 libperl5.30 libpixman-1-0 libpng-dev libpng-tools
#6 13.72   libpng16-16 libpsl5 libpython3-dev libpython3-stdlib libpython3.8
#6 13.72   libpython3.8-dev libpython3.8-minimal libpython3.8-stdlib libquadmath0
#6 13.72   libreadline-dev libreadline8 libroken18-heimdal librtmp1 libsasl2-2
#6 13.72   libsasl2-modules libsasl2-modules-db libsensors-config libsensors5 libsm6
#6 13.72   libsqlite3-0 libssh-4 libssl-dev libssl1.1 libstdc++-9-dev libtcl8.6
#6 13.72   libtext-iconv-perl libthai-data libthai0 libtie-ixhash-perl libtiff5
#6 13.72   libtimedate-perl libtk8.6 libtry-tiny-perl libtsan0 libubsan1 liburi-perl
#6 13.72   libvulkan1 libwayland-client0 libwebp6 libwind0-heimdal libwww-perl
#6 13.72   libwww-robotrules-perl libx11-6 libx11-data libx11-protocol-perl libx11-xcb1
#6 13.72   libxau6 libxaw7 libxcb-dri2-0 libxcb-dri3-0 libxcb-glx0 libxcb-present0
#6 13.72   libxcb-randr0 libxcb-render0 libxcb-shape0 libxcb-shm0 libxcb-sync1
#6 13.72   libxcb-xfixes0 libxcb1 libxcomposite1 libxcursor1 libxdmcp6 libxext6
#6 13.72   libxfixes3 libxft2 libxi6 libxinerama1 libxkbfile1 libxml-parser-perl
#6 13.72   libxml-twig-perl libxml-xpathengine-perl libxml2 libxmu6 libxmuu1 libxpm4
#6 13.72   libxrandr2 libxrender1 libxshmfence1 libxss1 libxt6 libxtst6 libxv1
#6 13.72   libxxf86dga1 libxxf86vm1 linux-libc-dev make manpages manpages-dev
#6 13.72   mesa-vulkan-drivers mime-support nano netbase networkd-dispatcher
#6 13.72   openssh-client openssl patch perl perl-modules-5.30 perl-openssl-defaults
#6 13.72   pinentry-curses pkg-config publicsuffix python-pip-whl python3 python3-dbus
#6 13.72   python3-dev python3-distutils python3-gi python3-lib2to3 python3-minimal
#6 13.72   python3-pip python3-pkg-resources python3-setuptools python3-venv
#6 13.72   python3-wheel python3.8 python3.8-dev python3.8-minimal python3.8-venv
#6 13.72   r-base r-base-core r-base-dev r-base-html r-cran-boot r-cran-class
#6 13.72   r-cran-cluster r-cran-codetools r-cran-foreign r-cran-kernsmooth
#6 13.72   r-cran-lattice r-cran-mass r-cran-matrix r-cran-mgcv r-cran-nlme r-cran-nnet
#6 13.72   r-cran-rpart r-cran-spatial r-cran-survival r-doc-html r-recommended
#6 13.72   readline-common shared-mime-info sudo systemd systemd-timesyncd tzdata ucf
#6 13.72   unzip x11-common x11-utils x11-xserver-utils xauth xdg-user-dirs xdg-utils
#6 13.72   xz-utils zip zlib1g-dev
#6 13.77 0 upgraded, 355 newly installed, 0 to remove and 0 not upgraded.
#6 13.77 Need to get 224 MB of archives.
#6 13.77 After this operation, 1224 MB of additional disk space will be used.
#6 13.77 Get:1 http://archive.ubuntu.com/ubuntu focal/main amd64 liblocale-gettext-perl amd64 1.07-4 [17.1 kB]
#6 13.79 Get:2 http://archive.ubuntu.com/ubuntu focal-updates/main amd64 libssl1.1 amd64 1.1.1f-1ubuntu2.19 [1321 kB]
#6 14.20 Get:3 http://archive.ubuntu.com/ubuntu focal-updates/main amd64 libpython3.8-minimal amd64 3.8.10-0ubuntu1~20.04.8 [717 kB]
#6 14.43 Get:4 http://archive.ubuntu.com/ubuntu focal-updates/main amd64 libexpat1 amd64 2.2.9-1ubuntu0.6 [74.6 kB]
#6 14.47 Get:5 http://archive.ubuntu.com/ubuntu focal-updates/main amd64 python3.8-minimal amd64 3.8.10-0ubuntu1~20.04.8 [1902 kB]
#6 15.07 Get:6 http://archive.ubuntu.com/ubuntu focal/main amd64 python3-minimal amd64 3.8.2-0ubuntu2 [23.6 kB]
#6 15.08 Get:7 http://archive.ubuntu.com/ubuntu focal/main amd64 mime-support all 3.64ubuntu1 [30.6 kB]
#6 15.10 Get:8 http://archive.ubuntu.com/ubuntu focal/main amd64 libmpdec2 amd64 2.4.2-3 [81.1 kB]
#6 15.15 Get:9 http://archive.ubuntu.com/ubuntu focal/main amd64 readline-common all 8.0-4 [53.5 kB]
#6 15.21 Get:10 http://archive.ubuntu.com/ubuntu focal/main amd64 libreadline8 amd64 8.0-4 [131 kB]
#6 15.26 Get:11 http://archive.ubuntu.com/ubuntu focal-updates/main amd64 libsqlite3-0 amd64 3.31.1-4ubuntu0.5 [549 kB]
#6 15.45 Get:12 http://archive.ubuntu.com/ubuntu focal-updates/main amd64 libpython3.8-stdlib amd64 3.8.10-0ubuntu1~20.04.8 [1675 kB]
#6 15.94 Get:13 http://archive.ubuntu.com/ubuntu focal-updates/main amd64 python3.8 amd64 3.8.10-0ubuntu1~20.04.8 [387 kB]
#6 16.07 Get:14 http://archive.ubuntu.com/ubuntu focal/main amd64 libpython3-stdlib amd64 3.8.2-0ubuntu2 [7068 B]
#6 16.09 Get:15 http://archive.ubuntu.com/ubuntu focal/main amd64 python3 amd64 3.8.2-0ubuntu2 [47.6 kB]
#6 16.13 Get:16 http://archive.ubuntu.com/ubuntu focal-updates/main amd64 libapparmor1 amd64 2.13.3-7ubuntu5.2 [35.4 kB]
#6 16.17 Get:17 http://archive.ubuntu.com/ubuntu focal-updates/main amd64 libcap2 amd64 1:2.32-1ubuntu0.1 [15.8 kB]
#6 16.23 Get:18 http://archive.ubuntu.com/ubuntu focal/main amd64 libargon2-1 amd64 0~20171227-0.2 [19.2 kB]
#6 16.25 Get:19 http://archive.ubuntu.com/ubuntu focal/main amd64 libdevmapper1.02.1 amd64 2:1.02.167-1ubuntu1 [127 kB]
#6 16.29 Get:20 http://archive.ubuntu.com/ubuntu focal-updates/main amd64 libjson-c4 amd64 0.13.1+dfsg-7ubuntu0.3 [29.3 kB]
#6 16.33 Get:21 http://archive.ubuntu.com/ubuntu focal-updates/main amd64 libcryptsetup12 amd64 2:2.2.2-3ubuntu2.4 [166 kB]
#6 16.39 Get:22 http://archive.ubuntu.com/ubuntu focal-updates/main amd64 libip4tc2 amd64 1.8.4-3ubuntu2.1 [19.1 kB]
#6 16.41 Get:23 http://archive.ubuntu.com/ubuntu focal-updates/main amd64 libkmod2 amd64 27-1ubuntu2.1 [45.3 kB]
#6 16.44 Get:24 http://archive.ubuntu.com/ubuntu focal-updates/main amd64 systemd-timesyncd amd64 245.4-4ubuntu3.22 [28.1 kB]
#6 16.47 Get:25 http://archive.ubuntu.com/ubuntu focal-updates/main amd64 systemd amd64 245.4-4ubuntu3.22 [3811 kB]
#6 17.55 Get:26 http://archive.ubuntu.com/ubuntu focal/main amd64 netbase all 6.1 [13.1 kB]
#6 17.57 Get:27 http://archive.ubuntu.com/ubuntu focal-updates/universe amd64 inetutils-syslogd amd64 2:1.9.4-11ubuntu0.1 [58.9 kB]
#6 17.61 Get:28 http://archive.ubuntu.com/ubuntu focal-updates/main amd64 perl-modules-5.30 all 5.30.0-9ubuntu0.4 [2739 kB]
#6 18.40 Get:29 http://archive.ubuntu.com/ubuntu focal/main amd64 libgdbm6 amd64 1.18.1-5 [27.4 kB]
#6 18.43 Get:30 http://archive.ubuntu.com/ubuntu focal/main amd64 libgdbm-compat4 amd64 1.18.1-5 [6244 B]
#6 18.46 Get:31 http://archive.ubuntu.com/ubuntu focal-updates/main amd64 libperl5.30 amd64 5.30.0-9ubuntu0.4 [3959 kB]
#6 19.57 Get:32 http://archive.ubuntu.com/ubuntu focal-updates/main amd64 perl amd64 5.30.0-9ubuntu0.4 [224 kB]
#6 19.67 Get:33 http://archive.ubuntu.com/ubuntu focal-updates/main amd64 openssl amd64 1.1.1f-1ubuntu2.19 [621 kB]
#6 19.86 Get:34 http://archive.ubuntu.com/ubuntu focal-updates/main amd64 ca-certificates all 20230311ubuntu0.20.04.1 [152 kB]
#6 19.92 Get:35 http://archive.ubuntu.com/ubuntu focal-updates/main amd64 libdbus-1-3 amd64 1.12.16-2ubuntu2.3 [179 kB]
#6 19.99 Get:36 http://archive.ubuntu.com/ubuntu focal-updates/main amd64 dbus amd64 1.12.16-2ubuntu2.3 [151 kB]
#6 20.05 Get:37 http://archive.ubuntu.com/ubuntu focal/main amd64 dmsetup amd64 2:1.02.167-1ubuntu1 [75.6 kB]
#6 20.09 Get:38 http://archive.ubuntu.com/ubuntu focal/main amd64 libmagic-mgc amd64 1:5.38-4 [218 kB]
#6 20.18 Get:39 http://archive.ubuntu.com/ubuntu focal/main amd64 libmagic1 amd64 1:5.38-4 [75.9 kB]
#6 20.22 Get:40 http://archive.ubuntu.com/ubuntu focal/main amd64 file amd64 1:5.38-4 [23.3 kB]
#6 20.25 Get:41 http://archive.ubuntu.com/ubuntu focal-updates/main amd64 libglib2.0-0 amd64 2.64.6-1~ubuntu20.04.6 [1289 kB]
#6 20.63 Get:42 http://archive.ubuntu.com/ubuntu focal-updates/main amd64 libgirepository-1.0-1 amd64 1.64.1-1~ubuntu20.04.1 [85.7 kB]
#6 20.67 Get:43 http://archive.ubuntu.com/ubuntu focal-updates/main amd64 gir1.2-glib-2.0 amd64 1.64.1-1~ubuntu20.04.1 [134 kB]
#6 20.73 Get:44 http://archive.ubuntu.com/ubuntu focal-updates/main amd64 less amd64 551-1ubuntu0.1 [123 kB]
#6 20.78 Get:45 http://archive.ubuntu.com/ubuntu focal/main amd64 libbsd0 amd64 0.10.0-1 [45.4 kB]
#6 20.82 Get:46 http://archive.ubuntu.com/ubuntu focal/main amd64 libelf1 amd64 0.176-1.1build1 [44.0 kB]
#6 20.86 Get:47 http://archive.ubuntu.com/ubuntu focal-updates/main amd64 libfribidi0 amd64 1.0.8-2ubuntu0.1 [24.2 kB]
#6 20.91 Get:48 http://archive.ubuntu.com/ubuntu focal-updates/main amd64 libglib2.0-data all 2.64.6-1~ubuntu20.04.6 [6032 B]
#6 20.93 Get:49 http://archive.ubuntu.com/ubuntu focal-updates/main amd64 tzdata all 2023c-0ubuntu0.20.04.2 [301 kB]
#6 21.04 Get:50 http://archive.ubuntu.com/ubuntu focal-updates/main amd64 libicu66 amd64 66.1-2ubuntu2.1 [8515 kB]
#6 23.43 Get:51 http://archive.ubuntu.com/ubuntu focal/main amd64 libtext-iconv-perl amd64 1.7-7 [13.8 kB]
#6 23.44 Get:52 http://archive.ubuntu.com/ubuntu focal-updates/main amd64 libxml2 amd64 2.9.10+dfsg-5ubuntu0.20.04.6 [640 kB]
#6 23.63 Get:53 http://archive.ubuntu.com/ubuntu focal/main amd64 python3-dbus amd64 1.2.16-1build1 [94.0 kB]
#6 23.68 Get:54 http://archive.ubuntu.com/ubuntu focal/main amd64 python3-gi amd64 3.36.0-1 [165 kB]
#6 23.74 Get:55 http://archive.ubuntu.com/ubuntu focal-updates/main amd64 networkd-dispatcher all 2.1-2~ubuntu20.04.3 [15.5 kB]
#6 23.76 Get:56 http://archive.ubuntu.com/ubuntu focal-updates/main amd64 python3-pkg-resources all 45.2.0-1ubuntu0.1 [130 kB]
#6 23.81 Get:57 http://archive.ubuntu.com/ubuntu focal/main amd64 shared-mime-info amd64 1.15-1 [430 kB]
#6 23.95 Get:58 http://archive.ubuntu.com/ubuntu focal-updates/main amd64 sudo amd64 1.8.31-1ubuntu1.5 [515 kB]
#6 24.12 Get:59 http://archive.ubuntu.com/ubuntu focal/main amd64 ucf all 3.0038+nmu1 [51.6 kB]
#6 24.16 Get:60 http://archive.ubuntu.com/ubuntu focal/main amd64 xdg-user-dirs amd64 0.17-2ubuntu1 [48.3 kB]
#6 24.22 Get:61 http://archive.ubuntu.com/ubuntu focal-updates/main amd64 xz-utils amd64 5.2.4-1ubuntu1.1 [82.6 kB]
#6 24.27 Get:62 http://archive.ubuntu.com/ubuntu focal-updates/main amd64 krb5-locales all 1.17-6ubuntu4.3 [11.6 kB]
#6 24.29 Get:63 http://archive.ubuntu.com/ubuntu focal/main amd64 libcbor0.6 amd64 0.6.0-0ubuntu1 [21.1 kB]
#6 24.31 Get:64 http://archive.ubuntu.com/ubuntu focal-updates/main amd64 libdrm-common all 2.4.107-8ubuntu1~20.04.2 [5396 B]
#6 24.33 Get:65 http://archive.ubuntu.com/ubuntu focal-updates/main amd64 libdrm2 amd64 2.4.107-8ubuntu1~20.04.2 [34.1 kB]
#6 24.35 Get:66 http://archive.ubuntu.com/ubuntu focal/main amd64 libedit2 amd64 3.1-20191231-1 [87.0 kB]
#6 24.40 Get:67 http://archive.ubuntu.com/ubuntu focal/main amd64 libfido2-1 amd64 1.3.1-1ubuntu2 [47.9 kB]
#6 24.44 Get:68 http://archive.ubuntu.com/ubuntu focal-updates/main amd64 libkrb5support0 amd64 1.17-6ubuntu4.3 [31.1 kB]
#6 24.49 Get:69 http://archive.ubuntu.com/ubuntu focal-updates/main amd64 libk5crypto3 amd64 1.17-6ubuntu4.3 [80.2 kB]
#6 24.56 Get:70 http://archive.ubuntu.com/ubuntu focal-updates/main amd64 libkeyutils1 amd64 1.6-6ubuntu1.1 [10.3 kB]
#6 24.58 Get:71 http://archive.ubuntu.com/ubuntu focal-updates/main amd64 libkrb5-3 amd64 1.17-6ubuntu4.3 [330 kB]
#6 24.69 Get:72 http://archive.ubuntu.com/ubuntu focal-updates/main amd64 libgssapi-krb5-2 amd64 1.17-6ubuntu4.3 [121 kB]
#6 24.73 Get:73 http://archive.ubuntu.com/ubuntu focal/main amd64 libpng16-16 amd64 1.6.37-2 [179 kB]
#6 24.80 Get:74 http://archive.ubuntu.com/ubuntu focal/main amd64 libpsl5 amd64 0.21.0-1ubuntu1 [51.5 kB]
#6 24.83 Get:75 http://archive.ubuntu.com/ubuntu focal/main amd64 libxau6 amd64 1:1.0.9-0ubuntu1 [7488 B]
#6 24.85 Get:76 http://archive.ubuntu.com/ubuntu focal/main amd64 libxdmcp6 amd64 1:1.1.3-0ubuntu1 [10.6 kB]
#6 24.86 Get:77 http://archive.ubuntu.com/ubuntu focal/main amd64 libxcb1 amd64 1.14-2 [44.7 kB]
#6 24.90 Get:78 http://archive.ubuntu.com/ubuntu focal-updates/main amd64 libx11-data all 2:1.6.9-2ubuntu1.5 [113 kB]
#6 24.95 Get:79 http://archive.ubuntu.com/ubuntu focal-updates/main amd64 libx11-6 amd64 2:1.6.9-2ubuntu1.5 [572 kB]
#6 25.13 Get:80 http://archive.ubuntu.com/ubuntu focal/main amd64 libxext6 amd64 2:1.3.4-0ubuntu1 [29.1 kB]
#6 25.15 Get:81 http://archive.ubuntu.com/ubuntu focal/main amd64 libxmuu1 amd64 2:1.1.3-0ubuntu1 [9728 B]
#6 25.16 Get:82 http://archive.ubuntu.com/ubuntu focal/main amd64 manpages all 5.05-1 [1314 kB]
#6 25.56 Get:83 http://archive.ubuntu.com/ubuntu focal/main amd64 nano amd64 4.8-1ubuntu1 [269 kB]
#6 25.65 Get:84 http://archive.ubuntu.com/ubuntu focal-updates/main amd64 openssh-client amd64 1:8.2p1-4ubuntu0.8 [670 kB]
#6 25.85 Get:85 http://archive.ubuntu.com/ubuntu focal/main amd64 publicsuffix all 20200303.0012-1 [111 kB]
#6 25.90 Get:86 http://archive.ubuntu.com/ubuntu focal/main amd64 xauth amd64 1:1.1-0ubuntu1 [25.0 kB]
#6 25.93 Get:87 http://archive.ubuntu.com/ubuntu focal-updates/main amd64 binutils-common amd64 2.34-6ubuntu1.6 [207 kB]
#6 26.02 Get:88 http://archive.ubuntu.com/ubuntu focal-updates/main amd64 libbinutils amd64 2.34-6ubuntu1.6 [473 kB]
#6 26.18 Get:89 http://archive.ubuntu.com/ubuntu focal-updates/main amd64 libctf-nobfd0 amd64 2.34-6ubuntu1.6 [47.4 kB]
#6 26.21 Get:90 http://archive.ubuntu.com/ubuntu focal-updates/main amd64 libctf0 amd64 2.34-6ubuntu1.6 [46.6 kB]
#6 26.24 Get:91 http://archive.ubuntu.com/ubuntu focal-updates/main amd64 binutils-x86-64-linux-gnu amd64 2.34-6ubuntu1.6 [1613 kB]
#6 26.72 Get:92 http://archive.ubuntu.com/ubuntu focal-updates/main amd64 binutils amd64 2.34-6ubuntu1.6 [3376 B]
#6 26.74 Get:93 http://archive.ubuntu.com/ubuntu focal-updates/main amd64 libc-dev-bin amd64 2.31-0ubuntu9.9 [71.8 kB]
#6 26.78 Get:94 http://archive.ubuntu.com/ubuntu focal-updates/main amd64 linux-libc-dev amd64 5.4.0-155.172 [1093 kB]
#6 27.11 Get:95 http://archive.ubuntu.com/ubuntu focal/main amd64 libcrypt-dev amd64 1:4.4.10-10ubuntu4 [104 kB]
#6 27.18 Get:96 http://archive.ubuntu.com/ubuntu focal-updates/main amd64 libc6-dev amd64 2.31-0ubuntu9.9 [2519 kB]
#6 27.90 Get:97 http://archive.ubuntu.com/ubuntu focal-updates/main amd64 gcc-9-base amd64 9.4.0-1ubuntu1~20.04.1 [19.4 kB]
#6 27.92 Get:98 http://archive.ubuntu.com/ubuntu focal/main amd64 libisl22 amd64 0.22.1-1 [592 kB]
#6 28.11 Get:99 http://archive.ubuntu.com/ubuntu focal/main amd64 libmpfr6 amd64 4.0.2-1 [240 kB]
#6 28.19 Get:100 http://archive.ubuntu.com/ubuntu focal/main amd64 libmpc3 amd64 1.1.0-1 [40.8 kB]
#6 28.22 Get:101 http://archive.ubuntu.com/ubuntu focal-updates/main amd64 cpp-9 amd64 9.4.0-1ubuntu1~20.04.1 [7500 kB]
#6 30.35 Get:102 http://archive.ubuntu.com/ubuntu focal/main amd64 cpp amd64 4:9.3.0-1ubuntu2 [27.6 kB]
#6 30.38 Get:103 http://archive.ubuntu.com/ubuntu focal-updates/main amd64 libcc1-0 amd64 10.3.0-1ubuntu1~20.04 [48.8 kB]
#6 30.40 Get:104 http://archive.ubuntu.com/ubuntu focal-updates/main amd64 libgomp1 amd64 10.3.0-1ubuntu1~20.04 [102 kB]
#6 30.45 Get:105 http://archive.ubuntu.com/ubuntu focal-updates/main amd64 libitm1 amd64 10.3.0-1ubuntu1~20.04 [26.2 kB]
#6 30.48 Get:106 http://archive.ubuntu.com/ubuntu focal-updates/main amd64 libatomic1 amd64 10.3.0-1ubuntu1~20.04 [9284 B]
#6 30.51 Get:107 http://archive.ubuntu.com/ubuntu focal-updates/main amd64 libasan5 amd64 9.4.0-1ubuntu1~20.04.1 [2751 kB]
#6 31.29 Get:108 http://archive.ubuntu.com/ubuntu focal-updates/main amd64 liblsan0 amd64 10.3.0-1ubuntu1~20.04 [835 kB]
#6 31.55 Get:109 http://archive.ubuntu.com/ubuntu focal-updates/main amd64 libtsan0 amd64 10.3.0-1ubuntu1~20.04 [2009 kB]
#6 32.12 Get:110 http://archive.ubuntu.com/ubuntu focal-updates/main amd64 libubsan1 amd64 10.3.0-1ubuntu1~20.04 [784 kB]
#6 32.37 Get:111 http://archive.ubuntu.com/ubuntu focal-updates/main amd64 libquadmath0 amd64 10.3.0-1ubuntu1~20.04 [146 kB]
#6 32.42 Get:112 http://archive.ubuntu.com/ubuntu focal-updates/main amd64 libgcc-9-dev amd64 9.4.0-1ubuntu1~20.04.1 [2359 kB]
#6 33.11 Get:113 http://archive.ubuntu.com/ubuntu focal-updates/main amd64 gcc-9 amd64 9.4.0-1ubuntu1~20.04.1 [8274 kB]
#6 35.42 Get:114 http://archive.ubuntu.com/ubuntu focal/main amd64 gcc amd64 4:9.3.0-1ubuntu2 [5208 B]
#6 35.44 Get:115 http://archive.ubuntu.com/ubuntu focal-updates/main amd64 libstdc++-9-dev amd64 9.4.0-1ubuntu1~20.04.1 [1722 kB]
#6 35.94 Get:116 http://archive.ubuntu.com/ubuntu focal-updates/main amd64 g++-9 amd64 9.4.0-1ubuntu1~20.04.1 [8420 kB]
#6 38.46 Get:117 http://archive.ubuntu.com/ubuntu focal/main amd64 g++ amd64 4:9.3.0-1ubuntu2 [1604 B]
#6 38.62 Get:118 http://archive.ubuntu.com/ubuntu focal/main amd64 make amd64 4.2.1-1.2 [162 kB]
#6 39.08 Get:119 http://archive.ubuntu.com/ubuntu focal-updates/main amd64 libdpkg-perl all 1.19.7ubuntu3.2 [231 kB]
#6 39.58 Get:120 http://archive.ubuntu.com/ubuntu focal/main amd64 patch amd64 2.7.6-6 [105 kB]
#6 39.99 Get:121 http://archive.ubuntu.com/ubuntu focal-updates/main amd64 dpkg-dev all 1.19.7ubuntu3.2 [679 kB]
#6 40.65 Get:122 http://archive.ubuntu.com/ubuntu focal-updates/main amd64 build-essential amd64 12.8ubuntu1.1 [4664 B]
#6 40.82 Get:123 http://archive.ubuntu.com/ubuntu focal/main amd64 bzip2-doc all 1.0.8-2 [501 kB]
#6 41.42 Get:124 http://archive.ubuntu.com/ubuntu focal-updates/main amd64 libbrotli1 amd64 1.0.7-6ubuntu0.1 [267 kB]
#6 41.92 Get:125 http://archive.ubuntu.com/ubuntu focal-updates/main amd64 libroken18-heimdal amd64 7.7.0+dfsg-1ubuntu1.4 [42.5 kB]
#6 42.20 Get:126 http://archive.ubuntu.com/ubuntu focal-updates/main amd64 libasn1-8-heimdal amd64 7.7.0+dfsg-1ubuntu1.4 [181 kB]
#6 42.66 Get:127 http://archive.ubuntu.com/ubuntu focal-updates/main amd64 libheimbase1-heimdal amd64 7.7.0+dfsg-1ubuntu1.4 [30.4 kB]
#6 42.92 Get:128 http://archive.ubuntu.com/ubuntu focal-updates/main amd64 libhcrypto4-heimdal amd64 7.7.0+dfsg-1ubuntu1.4 [88.1 kB]
#6 43.30 Get:129 http://archive.ubuntu.com/ubuntu focal-updates/main amd64 libwind0-heimdal amd64 7.7.0+dfsg-1ubuntu1.4 [47.7 kB]
#6 43.62 Get:130 http://archive.ubuntu.com/ubuntu focal-updates/main amd64 libhx509-5-heimdal amd64 7.7.0+dfsg-1ubuntu1.4 [107 kB]
#6 44.04 Get:131 http://archive.ubuntu.com/ubuntu focal-updates/main amd64 libkrb5-26-heimdal amd64 7.7.0+dfsg-1ubuntu1.4 [207 kB]
#6 44.53 Get:132 http://archive.ubuntu.com/ubuntu focal-updates/main amd64 libheimntlm0-heimdal amd64 7.7.0+dfsg-1ubuntu1.4 [15.1 kB]
#6 44.70 Get:133 http://archive.ubuntu.com/ubuntu focal-updates/main amd64 libgssapi3-heimdal amd64 7.7.0+dfsg-1ubuntu1.4 [96.5 kB]
#6 45.12 Get:134 http://archive.ubuntu.com/ubuntu focal-updates/main amd64 libsasl2-modules-db amd64 2.1.27+dfsg-2ubuntu0.1 [14.7 kB]
#6 45.29 Get:135 http://archive.ubuntu.com/ubuntu focal-updates/main amd64 libsasl2-2 amd64 2.1.27+dfsg-2ubuntu0.1 [49.3 kB]
#6 45.61 Get:136 http://archive.ubuntu.com/ubuntu focal-updates/main amd64 libldap-common all 2.4.49+dfsg-2ubuntu1.9 [16.6 kB]
#6 45.85 Get:137 http://archive.ubuntu.com/ubuntu focal-updates/main amd64 libldap-2.4-2 amd64 2.4.49+dfsg-2ubuntu1.9 [155 kB]
#6 46.30 Get:138 http://archive.ubuntu.com/ubuntu focal-updates/main amd64 libnghttp2-14 amd64 1.40.0-1ubuntu0.1 [78.5 kB]
#6 46.69 Get:139 http://archive.ubuntu.com/ubuntu focal/main amd64 librtmp1 amd64 2.4+20151223.gitfa8646d.1-2build1 [54.9 kB]
#6 47.02 Get:140 http://archive.ubuntu.com/ubuntu focal-updates/main amd64 libssh-4 amd64 0.9.3-2ubuntu2.3 [170 kB]
#6 47.49 Get:141 http://archive.ubuntu.com/ubuntu focal-updates/main amd64 libcurl4 amd64 7.68.0-1ubuntu2.19 [235 kB]
#6 47.99 Get:142 http://archive.ubuntu.com/ubuntu focal-updates/main amd64 curl amd64 7.68.0-1ubuntu2.19 [161 kB]
#6 48.44 Get:143 http://archive.ubuntu.com/ubuntu focal/main amd64 libassuan0 amd64 2.5.3-7ubuntu2 [35.7 kB]
#6 48.72 Get:144 http://archive.ubuntu.com/ubuntu focal-updates/main amd64 gpgconf amd64 2.2.19-3ubuntu2.2 [124 kB]
#6 49.16 Get:145 http://archive.ubuntu.com/ubuntu focal-updates/main amd64 libksba8 amd64 1.3.5-2ubuntu0.20.04.2 [95.2 kB]
#6 49.56 Get:146 http://archive.ubuntu.com/ubuntu focal/main amd64 libnpth0 amd64 1.6-1 [7736 B]
#6 49.72 Get:147 http://archive.ubuntu.com/ubuntu focal-updates/main amd64 dirmngr amd64 2.2.19-3ubuntu2.2 [330 kB]
#6 50.28 Get:148 http://archive.ubuntu.com/ubuntu focal/main amd64 libfakeroot amd64 1.24-1 [25.7 kB]
#6 50.54 Get:149 http://archive.ubuntu.com/ubuntu focal/main amd64 fakeroot amd64 1.24-1 [62.6 kB]
#6 50.88 Get:150 http://archive.ubuntu.com/ubuntu focal-updates/main amd64 libfreetype6 amd64 2.10.1-2ubuntu0.3 [341 kB]
#6 51.45 Get:151 http://archive.ubuntu.com/ubuntu focal/main amd64 fonts-dejavu-core all 2.37-1 [1041 kB]
#6 52.23 Get:152 http://archive.ubuntu.com/ubuntu focal/main amd64 fontconfig-config all 2.13.1-2ubuntu3 [28.8 kB]
#6 52.48 Get:153 http://archive.ubuntu.com/ubuntu focal/main amd64 libfontconfig1 amd64 2.13.1-2ubuntu3 [114 kB]
#6 52.92 Get:154 http://archive.ubuntu.com/ubuntu focal/main amd64 fontconfig amd64 2.13.1-2ubuntu3 [171 kB]
#6 53.37 Get:155 http://archive.ubuntu.com/ubuntu focal-updates/main amd64 libgfortran5 amd64 10.3.0-1ubuntu1~20.04 [736 kB]
#6 54.05 Get:156 http://archive.ubuntu.com/ubuntu focal-updates/main amd64 libgfortran-9-dev amd64 9.4.0-1ubuntu1~20.04.1 [685 kB]
#6 54.71 Get:157 http://archive.ubuntu.com/ubuntu focal-updates/main amd64 gfortran-9 amd64 9.4.0-1ubuntu1~20.04.1 [7936 kB]
#6 57.38 Get:158 http://archive.ubuntu.com/ubuntu focal/main amd64 gfortran amd64 4:9.3.0-1ubuntu2 [1372 B]
#6 57.55 Get:159 http://archive.ubuntu.com/ubuntu focal-updates/main amd64 libcurl3-gnutls amd64 7.68.0-1ubuntu2.19 [233 kB]
#6 58.06 Get:160 http://archive.ubuntu.com/ubuntu focal/main amd64 liberror-perl all 0.17029-1 [26.5 kB]
#6 58.32 Get:161 http://archive.ubuntu.com/ubuntu focal-updates/main amd64 git-man all 1:2.25.1-1ubuntu3.11 [887 kB]
#6 59.06 Get:162 http://archive.ubuntu.com/ubuntu focal-updates/main amd64 git amd64 1:2.25.1-1ubuntu3.11 [4605 kB]
#6 60.81 Get:163 http://archive.ubuntu.com/ubuntu focal-updates/main amd64 gnupg-l10n all 2.2.19-3ubuntu2.2 [51.7 kB]
#6 61.14 Get:164 http://archive.ubuntu.com/ubuntu focal-updates/main amd64 gnupg-utils amd64 2.2.19-3ubuntu2.2 [481 kB]
#6 61.77 Get:165 http://archive.ubuntu.com/ubuntu focal-updates/main amd64 gpg amd64 2.2.19-3ubuntu2.2 [482 kB]
#6 62.38 Get:166 http://archive.ubuntu.com/ubuntu focal/main amd64 pinentry-curses amd64 1.1.0-3build1 [36.3 kB]
#6 62.66 Get:167 http://archive.ubuntu.com/ubuntu focal-updates/main amd64 gpg-agent amd64 2.2.19-3ubuntu2.2 [232 kB]
#6 63.15 Get:168 http://archive.ubuntu.com/ubuntu focal-updates/main amd64 gpg-wks-client amd64 2.2.19-3ubuntu2.2 [97.4 kB]
#6 63.56 Get:169 http://archive.ubuntu.com/ubuntu focal-updates/main amd64 gpg-wks-server amd64 2.2.19-3ubuntu2.2 [90.2 kB]
#6 63.94 Get:170 http://archive.ubuntu.com/ubuntu focal-updates/main amd64 gpgsm amd64 2.2.19-3ubuntu2.2 [217 kB]
#6 64.44 Get:171 http://archive.ubuntu.com/ubuntu focal-updates/main amd64 gnupg all 2.2.19-3ubuntu2.2 [259 kB]
#6 64.95 Get:172 http://archive.ubuntu.com/ubuntu focal-updates/main amd64 icu-devtools amd64 66.1-2ubuntu2.1 [189 kB]
#6 65.42 Get:173 http://archive.ubuntu.com/ubuntu focal/main amd64 libalgorithm-diff-perl all 1.19.03-2 [46.6 kB]
#6 65.75 Get:174 http://archive.ubuntu.com/ubuntu focal/main amd64 libalgorithm-diff-xs-perl amd64 0.04-6 [11.3 kB]
#6 65.92 Get:175 http://archive.ubuntu.com/ubuntu focal/main amd64 libalgorithm-merge-perl all 0.08-3 [12.0 kB]
#6 66.08 Get:176 http://archive.ubuntu.com/ubuntu focal/main amd64 libblas3 amd64 3.9.0-1build1 [142 kB]
#6 66.53 Get:177 http://archive.ubuntu.com/ubuntu focal/main amd64 libblas-dev amd64 3.9.0-1build1 [147 kB]
#6 66.98 Get:178 http://archive.ubuntu.com/ubuntu focal/main amd64 libbz2-dev amd64 1.0.8-2 [30.2 kB]
#6 67.24 Get:179 http://archive.ubuntu.com/ubuntu focal-updates/main amd64 libpixman-1-0 amd64 0.38.4-0ubuntu2.1 [227 kB]
#6 67.75 Get:180 http://archive.ubuntu.com/ubuntu focal/main amd64 libxcb-render0 amd64 1.14-2 [14.8 kB]
#6 67.91 Get:181 http://archive.ubuntu.com/ubuntu focal/main amd64 libxcb-shm0 amd64 1.14-2 [5584 B]
#6 68.07 Get:182 http://archive.ubuntu.com/ubuntu focal/main amd64 libxrender1 amd64 1:0.9.10-1 [18.7 kB]
#6 68.31 Get:183 http://archive.ubuntu.com/ubuntu focal/main amd64 libcairo2 amd64 1.16.0-4ubuntu1 [583 kB]
#6 68.94 Get:184 http://archive.ubuntu.com/ubuntu focal-updates/main amd64 libcurl4-openssl-dev amd64 7.68.0-1ubuntu2.19 [322 kB]
#6 69.50 Get:185 http://archive.ubuntu.com/ubuntu focal/main amd64 libdata-dump-perl all 1.23-1 [27.0 kB]
#6 69.77 Get:186 http://archive.ubuntu.com/ubuntu focal/main amd64 libdatrie1 amd64 0.2.12-3 [18.7 kB]
#6 70.01 Get:187 http://archive.ubuntu.com/ubuntu focal-updates/main amd64 libdrm-amdgpu1 amd64 2.4.107-8ubuntu1~20.04.2 [18.6 kB]
#6 70.26 Get:188 http://archive.ubuntu.com/ubuntu focal/main amd64 libpciaccess0 amd64 0.16-0ubuntu1 [17.9 kB]
#6 70.50 Get:189 http://archive.ubuntu.com/ubuntu focal-updates/main amd64 libdrm-intel1 amd64 2.4.107-8ubuntu1~20.04.2 [60.3 kB]
#6 70.84 Get:190 http://archive.ubuntu.com/ubuntu focal-updates/main amd64 libdrm-nouveau2 amd64 2.4.107-8ubuntu1~20.04.2 [16.6 kB]
#6 71.08 Get:191 http://archive.ubuntu.com/ubuntu focal-updates/main amd64 libdrm-radeon1 amd64 2.4.107-8ubuntu1~20.04.2 [19.7 kB]
#6 71.32 Get:192 http://archive.ubuntu.com/ubuntu focal/main amd64 libencode-locale-perl all 1.05-1 [12.3 kB]
#6 71.48 Get:193 http://archive.ubuntu.com/ubuntu focal-updates/main amd64 libexpat1-dev amd64 2.2.9-1ubuntu0.6 [116 kB]
#6 71.89 Get:194 http://archive.ubuntu.com/ubuntu focal/main amd64 libipc-system-simple-perl all 1.26-1 [22.8 kB]
#6 72.14 Get:195 http://archive.ubuntu.com/ubuntu focal/main amd64 libfile-basedir-perl all 0.08-1 [16.9 kB]
#6 72.38 Get:196 http://archive.ubuntu.com/ubuntu focal/main amd64 liburi-perl all 1.76-2 [77.5 kB]
#6 72.75 Get:197 http://archive.ubuntu.com/ubuntu focal/main amd64 libfile-desktopentry-perl all 0.22-1 [18.2 kB]
#6 72.99 Get:198 http://archive.ubuntu.com/ubuntu focal/main amd64 libfile-fcntllock-perl amd64 0.22-3build4 [33.1 kB]
#6 73.26 Get:199 http://archive.ubuntu.com/ubuntu focal/main amd64 libtimedate-perl all 2.3200-1 [34.0 kB]
#6 73.53 Get:200 http://archive.ubuntu.com/ubuntu focal/main amd64 libhttp-date-perl all 6.05-1 [9920 B]
#6 73.69 Get:201 http://archive.ubuntu.com/ubuntu focal/main amd64 libfile-listing-perl all 6.04-1 [9774 B]
#6 73.86 Get:202 http://archive.ubuntu.com/ubuntu focal/main amd64 libfile-mimeinfo-perl all 0.29-1 [41.5 kB]
#6 74.16 Get:203 http://archive.ubuntu.com/ubuntu focal/main amd64 libfont-afm-perl all 1.20-2 [13.2 kB]
#6 74.33 Get:204 http://archive.ubuntu.com/ubuntu focal/main amd64 libfontenc1 amd64 1:1.1.4-0ubuntu1 [14.0 kB]
#6 74.49 Get:205 http://archive.ubuntu.com/ubuntu focal-updates/main amd64 libglapi-mesa amd64 21.2.6-0ubuntu0.1~20.04.2 [27.4 kB]
#6 74.78 Get:206 http://archive.ubuntu.com/ubuntu focal-updates/main amd64 libllvm12 amd64 1:12.0.0-3ubuntu1~20.04.5 [18.8 MB]
#6 80.50 Get:207 http://archive.ubuntu.com/ubuntu focal-updates/main amd64 libsensors-config all 1:3.6.0-2ubuntu1.1 [6052 B]
#6 80.66 Get:208 http://archive.ubuntu.com/ubuntu focal-updates/main amd64 libsensors5 amd64 1:3.6.0-2ubuntu1.1 [27.2 kB]
#6 80.92 Get:209 http://archive.ubuntu.com/ubuntu focal/main amd64 libvulkan1 amd64 1.2.131.2-1 [93.3 kB]
#6 81.36 Get:210 http://archive.ubuntu.com/ubuntu focal-updates/main amd64 libgl1-mesa-dri amd64 21.2.6-0ubuntu0.1~20.04.2 [11.0 MB]
#6 84.90 Get:211 http://archive.ubuntu.com/ubuntu focal-updates/main amd64 libx11-xcb1 amd64 2:1.6.9-2ubuntu1.5 [9256 B]
#6 85.06 Get:212 http://archive.ubuntu.com/ubuntu focal/main amd64 libxcb-dri2-0 amd64 1.14-2 [6920 B]
#6 85.22 Get:213 http://archive.ubuntu.com/ubuntu focal/main amd64 libxcb-dri3-0 amd64 1.14-2 [6552 B]
#6 85.39 Get:214 http://archive.ubuntu.com/ubuntu focal/main amd64 libxcb-glx0 amd64 1.14-2 [22.1 kB]
#6 85.63 Get:215 http://archive.ubuntu.com/ubuntu focal/main amd64 libxcb-present0 amd64 1.14-2 [5560 B]
#6 85.79 Get:216 http://archive.ubuntu.com/ubuntu focal/main amd64 libxcb-sync1 amd64 1.14-2 [8884 B]
#6 85.95 Get:217 http://archive.ubuntu.com/ubuntu focal/main amd64 libxcb-xfixes0 amd64 1.14-2 [9296 B]
#6 86.13 Get:218 http://archive.ubuntu.com/ubuntu focal/main amd64 libxfixes3 amd64 1:5.0.3-2 [10.9 kB]
#6 86.29 Get:219 http://archive.ubuntu.com/ubuntu focal/main amd64 libxshmfence1 amd64 1.3-1 [5028 B]
#6 86.45 Get:220 http://archive.ubuntu.com/ubuntu focal/main amd64 libxxf86vm1 amd64 1:1.1.4-1build1 [10.2 kB]
#6 86.62 Get:221 http://archive.ubuntu.com/ubuntu focal-updates/main amd64 libglx-mesa0 amd64 21.2.6-0ubuntu0.1~20.04.2 [137 kB]
#6 87.06 Get:222 http://archive.ubuntu.com/ubuntu focal/main amd64 libgraphite2-3 amd64 1.3.13-11build1 [73.5 kB]
#6 87.42 Get:223 http://archive.ubuntu.com/ubuntu focal-updates/main amd64 libharfbuzz0b amd64 2.6.4-1ubuntu4.2 [391 kB]
#6 88.01 Get:224 http://archive.ubuntu.com/ubuntu focal/main amd64 libhtml-tagset-perl all 3.20-4 [12.5 kB]
#6 88.17 Get:225 http://archive.ubuntu.com/ubuntu focal/main amd64 libhtml-parser-perl amd64 3.72-5 [86.3 kB]
#6 88.56 Get:226 http://archive.ubuntu.com/ubuntu focal/main amd64 libio-html-perl all 1.001-1 [14.9 kB]
#6 88.72 Get:227 http://archive.ubuntu.com/ubuntu focal/main amd64 liblwp-mediatypes-perl all 6.04-1 [19.5 kB]
#6 88.97 Get:228 http://archive.ubuntu.com/ubuntu focal/main amd64 libhttp-message-perl all 6.22-1 [76.1 kB]
#6 89.34 Get:229 http://archive.ubuntu.com/ubuntu focal/main amd64 libhtml-form-perl all 6.07-1 [22.2 kB]
#6 89.59 Get:230 http://archive.ubuntu.com/ubuntu focal/main amd64 libhtml-tree-perl all 5.07-2 [200 kB]
#6 90.07 Get:231 http://archive.ubuntu.com/ubuntu focal/main amd64 libhtml-format-perl all 2.12-1 [41.3 kB]
#6 90.37 Get:232 http://archive.ubuntu.com/ubuntu focal/main amd64 libhttp-cookies-perl all 6.08-1 [18.3 kB]
#6 90.61 Get:233 http://archive.ubuntu.com/ubuntu focal-updates/main amd64 libhttp-daemon-perl all 6.06-1ubuntu0.1 [22.0 kB]
#6 90.85 Get:234 http://archive.ubuntu.com/ubuntu focal/main amd64 libhttp-negotiate-perl all 6.01-1 [12.5 kB]
#6 91.01 Get:235 http://archive.ubuntu.com/ubuntu focal/main amd64 x11-common all 1:7.7+19ubuntu14 [22.3 kB]
#6 91.26 Get:236 http://archive.ubuntu.com/ubuntu focal/main amd64 libice6 amd64 2:1.0.10-0ubuntu1 [41.0 kB]
#6 91.54 Get:237 http://archive.ubuntu.com/ubuntu focal-updates/main amd64 libicu-dev amd64 66.1-2ubuntu2.1 [9451 kB]
#6 94.65 Get:238 http://archive.ubuntu.com/ubuntu focal/main amd64 perl-openssl-defaults amd64 4 [7192 B]
#6 94.82 Get:239 http://archive.ubuntu.com/ubuntu focal/main amd64 libnet-ssleay-perl amd64 1.88-2ubuntu1 [291 kB]
#6 95.36 Get:240 http://archive.ubuntu.com/ubuntu focal/main amd64 libio-socket-ssl-perl all 2.067-1 [176 kB]
#6 95.81 Get:241 http://archive.ubuntu.com/ubuntu focal/main amd64 libio-stringy-perl all 2.111-3 [55.8 kB]
#6 96.14 Get:242 http://archive.ubuntu.com/ubuntu focal-updates/main amd64 libjpeg-turbo8 amd64 2.0.3-0ubuntu1.20.04.3 [118 kB]
#6 96.57 Get:243 http://archive.ubuntu.com/ubuntu focal-updates/main amd64 libjpeg-turbo8-dev amd64 2.0.3-0ubuntu1.20.04.3 [238 kB]
#6 97.07 Get:244 http://archive.ubuntu.com/ubuntu focal/main amd64 libjpeg8 amd64 8c-2ubuntu8 [2194 B]
#6 97.23 Get:245 http://archive.ubuntu.com/ubuntu focal/main amd64 libjpeg8-dev amd64 8c-2ubuntu8 [1552 B]
#6 97.40 Get:246 http://archive.ubuntu.com/ubuntu focal/main amd64 libjpeg-dev amd64 8c-2ubuntu8 [1546 B]
#6 97.57 Get:247 http://archive.ubuntu.com/ubuntu focal/main amd64 liblapack3 amd64 3.9.0-1build1 [2154 kB]
#6 98.66 Get:248 http://archive.ubuntu.com/ubuntu focal/main amd64 liblapack-dev amd64 3.9.0-1build1 [4242 kB]
#6 100.3 Get:249 http://archive.ubuntu.com/ubuntu focal/main amd64 libnet-http-perl all 6.19-1 [22.8 kB]
#6 100.6 Get:250 http://archive.ubuntu.com/ubuntu focal/main amd64 libtry-tiny-perl all 0.30-1 [20.5 kB]
#6 100.8 Get:251 http://archive.ubuntu.com/ubuntu focal/main amd64 libwww-robotrules-perl all 6.02-1 [12.6 kB]
#6 101.0 Get:252 http://archive.ubuntu.com/ubuntu focal/main amd64 libwww-perl all 6.43-1 [140 kB]
#6 101.5 Get:253 http://archive.ubuntu.com/ubuntu focal/main amd64 liblwp-protocol-https-perl all 6.07-2ubuntu2 [8560 B]
#6 101.6 Get:254 http://archive.ubuntu.com/ubuntu focal/main amd64 libnet-smtp-ssl-perl all 1.04-1 [5948 B]
#6 101.8 Get:255 http://archive.ubuntu.com/ubuntu focal/main amd64 libmailtools-perl all 2.21-1 [80.7 kB]
#6 102.2 Get:256 http://archive.ubuntu.com/ubuntu focal-updates/main amd64 libncurses-dev amd64 6.2-0ubuntu2.1 [340 kB]
#6 102.7 Get:257 http://archive.ubuntu.com/ubuntu focal-updates/main amd64 libncurses5-dev amd64 6.2-0ubuntu2.1 [984 B]
#6 102.9 Get:258 http://archive.ubuntu.com/ubuntu focal/main amd64 libxml-parser-perl amd64 2.46-1 [193 kB]
#6 103.3 Get:259 http://archive.ubuntu.com/ubuntu focal/main amd64 libxml-twig-perl all 1:3.50-2 [155 kB]
#6 103.8 Get:260 http://archive.ubuntu.com/ubuntu focal/main amd64 libnet-dbus-perl amd64 1.2.0-1 [177 kB]
#6 104.3 Get:261 http://archive.ubuntu.com/ubuntu focal/main amd64 libthai-data all 0.1.28-3 [134 kB]
#6 104.7 Get:262 http://archive.ubuntu.com/ubuntu focal/main amd64 libthai0 amd64 0.1.28-3 [18.1 kB]
#6 104.9 Get:263 http://archive.ubuntu.com/ubuntu focal/main amd64 libpango-1.0-0 amd64 1.44.7-2ubuntu4 [162 kB]
#6 105.4 Get:264 http://archive.ubuntu.com/ubuntu focal/main amd64 libpangoft2-1.0-0 amd64 1.44.7-2ubuntu4 [34.9 kB]
#6 105.7 Get:265 http://archive.ubuntu.com/ubuntu focal/main amd64 libpangocairo-1.0-0 amd64 1.44.7-2ubuntu4 [24.8 kB]
#6 105.9 Get:266 http://archive.ubuntu.com/ubuntu focal/main amd64 libpaper1 amd64 1.1.28 [13.0 kB]
#6 106.1 Get:267 http://archive.ubuntu.com/ubuntu focal/main amd64 libpaper-utils amd64 1.1.28 [8400 B]
#6 106.3 Get:268 http://archive.ubuntu.com/ubuntu focal-updates/main amd64 libpcre16-3 amd64 2:8.39-12ubuntu0.1 [150 kB]
#6 106.7 Get:269 http://archive.ubuntu.com/ubuntu focal-updates/main amd64 libpcre2-16-0 amd64 10.34-7ubuntu0.1 [181 kB]
#6 107.2 Get:270 http://archive.ubuntu.com/ubuntu focal-updates/main amd64 libpcre2-32-0 amd64 10.34-7ubuntu0.1 [170 kB]
#6 107.6 Get:271 http://archive.ubuntu.com/ubuntu focal-updates/main amd64 libpcre2-posix2 amd64 10.34-7ubuntu0.1 [5988 B]
#6 107.8 Get:272 http://archive.ubuntu.com/ubuntu focal-updates/main amd64 libpcre2-dev amd64 10.34-7ubuntu0.1 [672 kB]
#6 108.5 Get:273 http://archive.ubuntu.com/ubuntu focal-updates/main amd64 libpcre32-3 amd64 2:8.39-12ubuntu0.1 [140 kB]
#6 108.9 Get:274 http://archive.ubuntu.com/ubuntu focal-updates/main amd64 libpcrecpp0v5 amd64 2:8.39-12ubuntu0.1 [15.5 kB]
#6 109.1 Get:275 http://archive.ubuntu.com/ubuntu focal-updates/main amd64 libpcre3-dev amd64 2:8.39-12ubuntu0.1 [540 kB]
#6 109.7 Get:276 http://archive.ubuntu.com/ubuntu focal-updates/main amd64 zlib1g-dev amd64 1:1.2.11.dfsg-2ubuntu1.5 [155 kB]
#6 110.1 Get:277 http://archive.ubuntu.com/ubuntu focal/main amd64 libpng-dev amd64 1.6.37-2 [175 kB]
#6 110.6 Get:278 http://archive.ubuntu.com/ubuntu focal/main amd64 libpng-tools amd64 1.6.37-2 [26.1 kB]
#6 110.9 Get:279 http://archive.ubuntu.com/ubuntu focal-updates/main amd64 libpython3.8 amd64 3.8.10-0ubuntu1~20.04.8 [1625 kB]
#6 111.8 Get:280 http://archive.ubuntu.com/ubuntu focal-updates/main amd64 libpython3.8-dev amd64 3.8.10-0ubuntu1~20.04.8 [3950 kB]
#6 113.4 Get:281 http://archive.ubuntu.com/ubuntu focal/main amd64 libpython3-dev amd64 3.8.2-0ubuntu2 [7236 B]
#6 113.6 Get:282 http://archive.ubuntu.com/ubuntu focal/main amd64 libreadline-dev amd64 8.0-4 [141 kB]
#6 114.0 Get:283 http://archive.ubuntu.com/ubuntu focal-updates/main amd64 libsasl2-modules amd64 2.1.27+dfsg-2ubuntu0.1 [48.8 kB]
#6 114.4 Get:284 http://archive.ubuntu.com/ubuntu focal/main amd64 libsm6 amd64 2:1.2.3-1 [16.1 kB]
#6 114.6 Get:285 http://archive.ubuntu.com/ubuntu focal-updates/main amd64 libssl-dev amd64 1.1.1f-1ubuntu2.19 [1584 kB]
#6 115.5 Get:286 http://archive.ubuntu.com/ubuntu focal/main amd64 libtcl8.6 amd64 8.6.10+dfsg-1 [902 kB]
#6 116.3 Get:287 http://archive.ubuntu.com/ubuntu focal/main amd64 libtie-ixhash-perl all 1.23-2 [11.2 kB]
#6 116.4 Get:288 http://archive.ubuntu.com/ubuntu focal-updates/main amd64 libjbig0 amd64 2.1-3.1ubuntu0.20.04.1 [27.3 kB]
#6 116.7 Get:289 http://archive.ubuntu.com/ubuntu focal-updates/main amd64 libwebp6 amd64 0.6.1-2ubuntu0.20.04.2 [185 kB]
#6 117.2 Get:290 http://archive.ubuntu.com/ubuntu focal-updates/main amd64 libtiff5 amd64 4.1.0+git191117-2ubuntu0.20.04.8 [163 kB]
#6 117.6 Get:291 http://archive.ubuntu.com/ubuntu focal/main amd64 libxft2 amd64 2.3.3-0ubuntu1 [39.2 kB]
#6 117.9 Get:292 http://archive.ubuntu.com/ubuntu focal/main amd64 libxss1 amd64 1:1.2.3-1 [8140 B]
#6 118.1 Get:293 http://archive.ubuntu.com/ubuntu focal/main amd64 libtk8.6 amd64 8.6.10-1 [714 kB]
#6 118.8 Get:294 http://archive.ubuntu.com/ubuntu focal-updates/main amd64 libwayland-client0 amd64 1.18.0-1ubuntu0.1 [23.9 kB]
#6 119.0 Get:295 http://archive.ubuntu.com/ubuntu focal/main amd64 libx11-protocol-perl all 0.56-7 [149 kB]
#6 119.5 Get:296 http://archive.ubuntu.com/ubuntu focal/main amd64 libxt6 amd64 1:1.1.5-1 [160 kB]
#6 119.9 Get:297 http://archive.ubuntu.com/ubuntu focal/main amd64 libxmu6 amd64 2:1.1.3-0ubuntu1 [45.8 kB]
#6 120.2 Get:298 http://archive.ubuntu.com/ubuntu focal-updates/main amd64 libxpm4 amd64 1:3.5.12-1ubuntu0.20.04.1 [34.6 kB]
#6 120.5 Get:299 http://archive.ubuntu.com/ubuntu focal/main amd64 libxaw7 amd64 2:1.0.13-1 [173 kB]
#6 121.0 Get:300 http://archive.ubuntu.com/ubuntu focal/main amd64 libxcb-randr0 amd64 1.14-2 [16.3 kB]
#6 121.2 Get:301 http://archive.ubuntu.com/ubuntu focal/main amd64 libxcb-shape0 amd64 1.14-2 [5928 B]
#6 121.4 Get:302 http://archive.ubuntu.com/ubuntu focal/main amd64 libxcomposite1 amd64 1:0.4.5-1 [6976 B]
#6 121.5 Get:303 http://archive.ubuntu.com/ubuntu focal/main amd64 libxcursor1 amd64 1:1.2.0-2 [20.1 kB]
#6 121.8 Get:304 http://archive.ubuntu.com/ubuntu focal/main amd64 libxi6 amd64 2:1.7.10-0ubuntu1 [29.9 kB]
#6 122.0 Get:305 http://archive.ubuntu.com/ubuntu focal/main amd64 libxinerama1 amd64 2:1.1.4-2 [6904 B]
#6 122.2 Get:306 http://archive.ubuntu.com/ubuntu focal/main amd64 libxkbfile1 amd64 1:1.1.0-1 [65.3 kB]
#6 122.6 Get:307 http://archive.ubuntu.com/ubuntu focal/main amd64 libxml-xpathengine-perl all 0.14-1 [31.8 kB]
#6 122.8 Get:308 http://archive.ubuntu.com/ubuntu focal/main amd64 libxrandr2 amd64 2:1.5.2-0ubuntu1 [18.5 kB]
#6 123.1 Get:309 http://archive.ubuntu.com/ubuntu focal/main amd64 libxtst6 amd64 2:1.2.3-1 [12.8 kB]
#6 123.2 Get:310 http://archive.ubuntu.com/ubuntu focal/main amd64 libxv1 amd64 2:1.0.11-1 [10.7 kB]
#6 123.4 Get:311 http://archive.ubuntu.com/ubuntu focal/main amd64 libxxf86dga1 amd64 2:1.1.5-0ubuntu1 [12.0 kB]
#6 123.6 Get:312 http://archive.ubuntu.com/ubuntu focal/main amd64 manpages-dev all 5.05-1 [2266 kB]
#6 124.7 Get:313 http://archive.ubuntu.com/ubuntu focal-updates/main amd64 mesa-vulkan-drivers amd64 21.2.6-0ubuntu0.1~20.04.2 [5788 kB]
#6 126.8 Get:314 http://archive.ubuntu.com/ubuntu focal/main amd64 pkg-config amd64 0.29.1-0ubuntu4 [45.5 kB]
#6 127.1 Get:315 http://archive.ubuntu.com/ubuntu focal-updates/universe amd64 python-pip-whl all 20.0.2-5ubuntu1.9 [1805 kB]
#6 128.1 Get:316 http://archive.ubuntu.com/ubuntu focal-updates/main amd64 python3.8-dev amd64 3.8.10-0ubuntu1~20.04.8 [514 kB]
#6 128.7 Get:317 http://archive.ubuntu.com/ubuntu focal-updates/main amd64 python3-lib2to3 all 3.8.10-0ubuntu1~20.04 [76.3 kB]
#6 129.1 Get:318 http://archive.ubuntu.com/ubuntu focal-updates/main amd64 python3-distutils all 3.8.10-0ubuntu1~20.04 [141 kB]
#6 129.5 Get:319 http://archive.ubuntu.com/ubuntu focal/main amd64 python3-dev amd64 3.8.2-0ubuntu2 [1212 B]
#6 129.7 Get:320 http://archive.ubuntu.com/ubuntu focal-updates/main amd64 python3-setuptools all 45.2.0-1ubuntu0.1 [330 kB]
#6 130.3 Get:321 http://archive.ubuntu.com/ubuntu focal-updates/universe amd64 python3-wheel all 0.34.2-1ubuntu0.1 [23.9 kB]
#6 130.5 Get:322 http://archive.ubuntu.com/ubuntu focal-updates/universe amd64 python3-pip all 20.0.2-5ubuntu1.9 [231 kB]
#6 131.0 Get:323 http://archive.ubuntu.com/ubuntu focal-updates/universe amd64 python3.8-venv amd64 3.8.10-0ubuntu1~20.04.8 [5448 B]
#6 131.2 Get:324 http://archive.ubuntu.com/ubuntu focal/universe amd64 python3-venv amd64 3.8.2-0ubuntu2 [1228 B]
#6 131.4 Get:325 http://archive.ubuntu.com/ubuntu focal/main amd64 zip amd64 3.0-11build1 [167 kB]
#6 131.8 Get:326 http://archive.ubuntu.com/ubuntu focal-updates/main amd64 unzip amd64 6.0-25ubuntu1.1 [168 kB]
#6 132.3 Get:327 http://archive.ubuntu.com/ubuntu focal-updates/main amd64 xdg-utils all 1.1.3-2ubuntu1.20.04.2 [61.4 kB]
#6 132.6 Get:328 http://archive.ubuntu.com/ubuntu focal/universe amd64 r-base-core amd64 3.6.3-2 [24.5 MB]
#6 139.9 Get:329 http://archive.ubuntu.com/ubuntu focal/universe amd64 r-cran-boot all 1.3-24-2 [615 kB]
#6 140.5 Get:330 http://archive.ubuntu.com/ubuntu focal/universe amd64 r-cran-cluster amd64 2.1.0-2 [525 kB]
#6 141.1 Get:331 http://archive.ubuntu.com/ubuntu focal/universe amd64 r-cran-foreign amd64 0.8.75-1 [231 kB]
#6 141.6 Get:332 http://archive.ubuntu.com/ubuntu focal/universe amd64 r-cran-mass amd64 7.3-51.5-2 [1114 kB]
#6 142.4 Get:333 http://archive.ubuntu.com/ubuntu focal/universe amd64 r-cran-kernsmooth amd64 2.23-16-1+1 [90.0 kB]
#6 142.8 Get:334 http://archive.ubuntu.com/ubuntu focal/universe amd64 r-cran-lattice amd64 0.20-40-1 [1125 kB]
#6 143.6 Get:335 http://archive.ubuntu.com/ubuntu focal/universe amd64 r-cran-nlme amd64 3.1.144-1 [2220 kB]
#6 144.7 Get:336 http://archive.ubuntu.com/ubuntu focal/universe amd64 r-cran-matrix amd64 1.2-18-1 [3448 kB]
#6 146.1 Get:337 http://archive.ubuntu.com/ubuntu focal/universe amd64 r-cran-mgcv amd64 1.8-31-1 [2725 kB]
#6 147.4 Get:338 http://archive.ubuntu.com/ubuntu focal/universe amd64 r-cran-survival amd64 3.1-8-1 [7388 kB]
#6 149.9 Get:339 http://archive.ubuntu.com/ubuntu focal/universe amd64 r-cran-rpart amd64 4.1-15-2 [679 kB]
#6 CANCELED
canceled
Starting docker-compose...
SUCCESS: docker-compose start
Create User: admin:admin
SUCCESS: Installed tljh
Installing base env packages...
SUCCESS: Base environments update
Building Sysml environments...
SUCCESS: Conda environments setup
Installing Elyra...
SUCCESS: Elyra Installation
Updating the Sysmlv2 kernel model publishing location
SUCCESS: Sysmlv2 model publish location
Script completed successfully.
